{"/Users/ruju4a/Documents/SE/Project /SE_Project_2/frontend/src/components/ChatInterface.jsx": {"path":"/Users/ruju4a/Documents/SE/Project /SE_Project_2/frontend/src/components/ChatInterface.jsx","statementMap":{"0":{"start":{"line":6,"column":34},"end":{"line":6,"column":46}},"1":{"start":{"line":7,"column":28},"end":{"line":7,"column":40}},"2":{"start":{"line":8,"column":32},"end":{"line":8,"column":47}},"3":{"start":{"line":11,"column":21},"end":{"line":48,"column":3}},"4":{"start":{"line":12,"column":4},"end":{"line":12,"column":30}},"5":{"start":{"line":12,"column":23},"end":{"line":12,"column":30}},"6":{"start":{"line":13,"column":24},"end":{"line":13,"column":71}},"7":{"start":{"line":15,"column":4},"end":{"line":15,"column":50}},"8":{"start":{"line":15,"column":26},"end":{"line":15,"column":48}},"9":{"start":{"line":16,"column":4},"end":{"line":16,"column":17}},"10":{"start":{"line":17,"column":4},"end":{"line":17,"column":21}},"11":{"start":{"line":19,"column":4},"end":{"line":47,"column":5}},"12":{"start":{"line":20,"column":18},"end":{"line":24,"column":7}},"13":{"start":{"line":26,"column":21},"end":{"line":26,"column":86}},"14":{"start":{"line":28,"column":25},"end":{"line":32,"column":7}},"15":{"start":{"line":34,"column":6},"end":{"line":34,"column":51}},"16":{"start":{"line":34,"column":28},"end":{"line":34,"column":49}},"17":{"start":{"line":36,"column":6},"end":{"line":36,"column":42}},"18":{"start":{"line":37,"column":6},"end":{"line":44,"column":9}},"19":{"start":{"line":37,"column":28},"end":{"line":44,"column":7}},"20":{"start":{"line":46,"column":6},"end":{"line":46,"column":24}},"21":{"start":{"line":50,"column":2},"end":{"line":113,"column":4}},"22":{"start":{"line":64,"column":12},"end":{"line":75,"column":18}},"23":{"start":{"line":98,"column":29},"end":{"line":98,"column":53}},"24":{"start":{"line":99,"column":30},"end":{"line":99,"column":63}}},"fnMap":{"0":{"name":"ChatInterface","decl":{"start":{"line":5,"column":9},"end":{"line":5,"column":22}},"loc":{"start":{"line":5,"column":25},"end":{"line":114,"column":1}},"line":5},"1":{"name":"(anonymous_1)","decl":{"start":{"line":11,"column":21},"end":{"line":11,"column":22}},"loc":{"start":{"line":11,"column":33},"end":{"line":48,"column":3}},"line":11},"2":{"name":"(anonymous_2)","decl":{"start":{"line":15,"column":16},"end":{"line":15,"column":17}},"loc":{"start":{"line":15,"column":26},"end":{"line":15,"column":48}},"line":15},"3":{"name":"(anonymous_3)","decl":{"start":{"line":34,"column":18},"end":{"line":34,"column":19}},"loc":{"start":{"line":34,"column":28},"end":{"line":34,"column":49}},"line":34},"4":{"name":"(anonymous_4)","decl":{"start":{"line":37,"column":18},"end":{"line":37,"column":19}},"loc":{"start":{"line":37,"column":28},"end":{"line":44,"column":7}},"line":37},"5":{"name":"(anonymous_5)","decl":{"start":{"line":63,"column":23},"end":{"line":63,"column":24}},"loc":{"start":{"line":64,"column":12},"end":{"line":75,"column":18}},"line":64},"6":{"name":"(anonymous_6)","decl":{"start":{"line":98,"column":22},"end":{"line":98,"column":23}},"loc":{"start":{"line":98,"column":29},"end":{"line":98,"column":53}},"line":98},"7":{"name":"(anonymous_7)","decl":{"start":{"line":99,"column":23},"end":{"line":99,"column":24}},"loc":{"start":{"line":99,"column":30},"end":{"line":99,"column":63}},"line":99}},"branchMap":{"0":{"loc":{"start":{"line":12,"column":4},"end":{"line":12,"column":30}},"type":"if","locations":[{"start":{"line":12,"column":4},"end":{"line":12,"column":30}},{"start":{},"end":{}}],"line":12},"1":{"loc":{"start":{"line":26,"column":21},"end":{"line":26,"column":86}},"type":"binary-expr","locations":[{"start":{"line":26,"column":21},"end":{"line":26,"column":37}},{"start":{"line":26,"column":41},"end":{"line":26,"column":56}},{"start":{"line":26,"column":60},"end":{"line":26,"column":86}}],"line":26},"2":{"loc":{"start":{"line":54,"column":9},"end":{"line":77,"column":9}},"type":"cond-expr","locations":[{"start":{"line":55,"column":10},"end":{"line":61,"column":16}},{"start":{"line":63,"column":10},"end":{"line":76,"column":12}}],"line":54},"3":{"loc":{"start":{"line":66,"column":33},"end":{"line":66,"column":88}},"type":"cond-expr","locations":[{"start":{"line":66,"column":57},"end":{"line":66,"column":70}},{"start":{"line":66,"column":73},"end":{"line":66,"column":88}}],"line":66},"4":{"loc":{"start":{"line":70,"column":18},"end":{"line":70,"column":96}},"type":"cond-expr","locations":[{"start":{"line":70,"column":42},"end":{"line":70,"column":66}},{"start":{"line":70,"column":69},"end":{"line":70,"column":96}}],"line":70},"5":{"loc":{"start":{"line":80,"column":9},"end":{"line":89,"column":9}},"type":"binary-expr","locations":[{"start":{"line":80,"column":9},"end":{"line":80,"column":16}},{"start":{"line":81,"column":10},"end":{"line":88,"column":16}}],"line":80},"6":{"loc":{"start":{"line":99,"column":30},"end":{"line":99,"column":63}},"type":"binary-expr","locations":[{"start":{"line":99,"column":30},"end":{"line":99,"column":47}},{"start":{"line":99,"column":51},"end":{"line":99,"column":63}}],"line":99},"7":{"loc":{"start":{"line":108,"column":13},"end":{"line":108,"column":37}},"type":"cond-expr","locations":[{"start":{"line":108,"column":23},"end":{"line":108,"column":28}},{"start":{"line":108,"column":31},"end":{"line":108,"column":37}}],"line":108}},"s":{"0":48,"1":48,"2":48,"3":48,"4":8,"5":1,"6":7,"7":7,"8":7,"9":7,"10":7,"11":7,"12":7,"13":5,"14":5,"15":5,"16":5,"17":1,"18":1,"19":1,"20":6,"21":48,"22":25,"23":25,"24":19},"f":{"0":48,"1":8,"2":7,"3":5,"4":1,"5":25,"6":25,"7":19},"b":{"0":[1,7],"1":[5,0,0],"2":[34,14],"3":[16,9],"4":[16,9],"5":[48,7],"6":[19,1],"7":[7,41]},"_coverageSchema":"1a1c01bbd47fc00a2c39e90264f33305004495a9","hash":"b30b9bea0e789b5458be228ff44fee7d920bf6e5"}
,"/Users/ruju4a/Documents/SE/Project /SE_Project_2/frontend/src/components/GraphVisualization.jsx": {"path":"/Users/ruju4a/Documents/SE/Project /SE_Project_2/frontend/src/components/GraphVisualization.jsx","statementMap":{"0":{"start":{"line":6,"column":44},"end":{"line":14,"column":4}},"1":{"start":{"line":15,"column":38},"end":{"line":15,"column":59}},"2":{"start":{"line":16,"column":28},"end":{"line":16,"column":62}},"3":{"start":{"line":17,"column":24},"end":{"line":17,"column":38}},"4":{"start":{"line":18,"column":16},"end":{"line":18,"column":24}},"5":{"start":{"line":20,"column":16},"end":{"line":20,"column":71}},"6":{"start":{"line":22,"column":23},"end":{"line":24,"column":3}},"7":{"start":{"line":23,"column":4},"end":{"line":23,"column":79}},"8":{"start":{"line":23,"column":32},"end":{"line":23,"column":76}},"9":{"start":{"line":26,"column":23},"end":{"line":34,"column":3}},"10":{"start":{"line":27,"column":4},"end":{"line":27,"column":42}},"11":{"start":{"line":27,"column":25},"end":{"line":27,"column":42}},"12":{"start":{"line":28,"column":4},"end":{"line":28,"column":46}},"13":{"start":{"line":28,"column":29},"end":{"line":28,"column":46}},"14":{"start":{"line":29,"column":4},"end":{"line":29,"column":45}},"15":{"start":{"line":29,"column":28},"end":{"line":29,"column":45}},"16":{"start":{"line":30,"column":4},"end":{"line":30,"column":46}},"17":{"start":{"line":30,"column":29},"end":{"line":30,"column":46}},"18":{"start":{"line":31,"column":4},"end":{"line":31,"column":43}},"19":{"start":{"line":31,"column":26},"end":{"line":31,"column":43}},"20":{"start":{"line":32,"column":4},"end":{"line":32,"column":39}},"21":{"start":{"line":32,"column":22},"end":{"line":32,"column":39}},"22":{"start":{"line":33,"column":4},"end":{"line":33,"column":21}},"23":{"start":{"line":36,"column":25},"end":{"line":114,"column":3}},"24":{"start":{"line":37,"column":21},"end":{"line":37,"column":90}},"25":{"start":{"line":38,"column":21},"end":{"line":38,"column":63}},"26":{"start":{"line":40,"column":18},"end":{"line":78,"column":6}},"27":{"start":{"line":42,"column":17},"end":{"line":42,"column":67}},"28":{"start":{"line":45,"column":20},"end":{"line":45,"column":65}},"29":{"start":{"line":49,"column":17},"end":{"line":49,"column":75}},"30":{"start":{"line":52,"column":6},"end":{"line":62,"column":7}},"31":{"start":{"line":54,"column":24},"end":{"line":54,"column":58}},"32":{"start":{"line":56,"column":22},"end":{"line":56,"column":40}},"33":{"start":{"line":57,"column":8},"end":{"line":61,"column":9}},"34":{"start":{"line":58,"column":10},"end":{"line":58,"column":45}},"35":{"start":{"line":60,"column":10},"end":{"line":60,"column":44}},"36":{"start":{"line":65,"column":6},"end":{"line":67,"column":7}},"37":{"start":{"line":66,"column":8},"end":{"line":66,"column":21}},"38":{"start":{"line":69,"column":6},"end":{"line":69,"column":83}},"39":{"start":{"line":71,"column":6},"end":{"line":77,"column":8}},"40":{"start":{"line":80,"column":20},"end":{"line":80,"column":51}},"41":{"start":{"line":80,"column":45},"end":{"line":80,"column":49}},"42":{"start":{"line":83,"column":18},"end":{"line":107,"column":8}},"43":{"start":{"line":86,"column":10},"end":{"line":88,"column":66}},"44":{"start":{"line":90,"column":10},"end":{"line":92,"column":62}},"45":{"start":{"line":94,"column":24},"end":{"line":94,"column":57}},"46":{"start":{"line":96,"column":8},"end":{"line":96,"column":61}},"47":{"start":{"line":99,"column":26},"end":{"line":99,"column":47}},"48":{"start":{"line":100,"column":26},"end":{"line":100,"column":47}},"49":{"start":{"line":102,"column":8},"end":{"line":104,"column":9}},"50":{"start":{"line":103,"column":10},"end":{"line":103,"column":127}},"51":{"start":{"line":106,"column":8},"end":{"line":106,"column":38}},"52":{"start":{"line":109,"column":4},"end":{"line":109,"column":44}},"53":{"start":{"line":110,"column":4},"end":{"line":110,"column":77}},"54":{"start":{"line":110,"column":65},"end":{"line":110,"column":72}},"55":{"start":{"line":111,"column":4},"end":{"line":111,"column":73}},"56":{"start":{"line":113,"column":4},"end":{"line":113,"column":28}},"57":{"start":{"line":116,"column":2},"end":{"line":136,"column":44}},"58":{"start":{"line":117,"column":4},"end":{"line":117,"column":53}},"59":{"start":{"line":118,"column":4},"end":{"line":118,"column":55}},"60":{"start":{"line":119,"column":4},"end":{"line":119,"column":59}},"61":{"start":{"line":121,"column":4},"end":{"line":135,"column":5}},"62":{"start":{"line":122,"column":6},"end":{"line":130,"column":7}},"63":{"start":{"line":123,"column":18},"end":{"line":123,"column":43}},"64":{"start":{"line":124,"column":8},"end":{"line":124,"column":89}},"65":{"start":{"line":125,"column":8},"end":{"line":125,"column":20}},"66":{"start":{"line":126,"column":8},"end":{"line":126,"column":21}},"67":{"start":{"line":128,"column":8},"end":{"line":128,"column":57}},"68":{"start":{"line":129,"column":8},"end":{"line":129,"column":43}},"69":{"start":{"line":132,"column":6},"end":{"line":132,"column":46}},"70":{"start":{"line":133,"column":6},"end":{"line":133,"column":49}},"71":{"start":{"line":134,"column":6},"end":{"line":134,"column":41}},"72":{"start":{"line":138,"column":19},"end":{"line":163,"column":28}},"73":{"start":{"line":140,"column":25},"end":{"line":144,"column":5}},"74":{"start":{"line":142,"column":28},"end":{"line":142,"column":30}},"75":{"start":{"line":143,"column":22},"end":{"line":143,"column":23}},"76":{"start":{"line":146,"column":4},"end":{"line":146,"column":59}},"77":{"start":{"line":148,"column":18},"end":{"line":151,"column":6}},"78":{"start":{"line":149,"column":22},"end":{"line":149,"column":75}},"79":{"start":{"line":150,"column":6},"end":{"line":150,"column":21}},"80":{"start":{"line":153,"column":17},"end":{"line":153,"column":48}},"81":{"start":{"line":153,"column":42},"end":{"line":153,"column":46}},"82":{"start":{"line":154,"column":18},"end":{"line":158,"column":6}},"83":{"start":{"line":155,"column":16},"end":{"line":155,"column":70}},"84":{"start":{"line":156,"column":16},"end":{"line":156,"column":70}},"85":{"start":{"line":157,"column":6},"end":{"line":157,"column":40}},"86":{"start":{"line":160,"column":4},"end":{"line":160,"column":83}},"87":{"start":{"line":162,"column":4},"end":{"line":162,"column":28}},"88":{"start":{"line":165,"column":27},"end":{"line":187,"column":3}},"89":{"start":{"line":166,"column":24},"end":{"line":166,"column":50}},"90":{"start":{"line":167,"column":18},"end":{"line":167,"column":55}},"91":{"start":{"line":168,"column":14},"end":{"line":168,"column":16}},"92":{"start":{"line":170,"column":4},"end":{"line":170,"column":20}},"93":{"start":{"line":171,"column":4},"end":{"line":171,"column":54}},"94":{"start":{"line":172,"column":4},"end":{"line":172,"column":26}},"95":{"start":{"line":173,"column":4},"end":{"line":173,"column":15}},"96":{"start":{"line":175,"column":4},"end":{"line":175,"column":70}},"97":{"start":{"line":176,"column":4},"end":{"line":176,"column":29}},"98":{"start":{"line":177,"column":4},"end":{"line":177,"column":32}},"99":{"start":{"line":178,"column":4},"end":{"line":178,"column":30}},"100":{"start":{"line":179,"column":19},"end":{"line":179,"column":67}},"101":{"start":{"line":180,"column":4},"end":{"line":180,"column":41}},"102":{"start":{"line":182,"column":4},"end":{"line":186,"column":5}},"103":{"start":{"line":183,"column":6},"end":{"line":183,"column":72}},"104":{"start":{"line":184,"column":6},"end":{"line":184,"column":32}},"105":{"start":{"line":185,"column":6},"end":{"line":185,"column":53}},"106":{"start":{"line":189,"column":2},"end":{"line":272,"column":4}},"107":{"start":{"line":197,"column":14},"end":{"line":207,"column":23}},"108":{"start":{"line":199,"column":31},"end":{"line":199,"column":50}},"109":{"start":{"line":217,"column":14},"end":{"line":228,"column":22}},"110":{"start":{"line":224,"column":34},"end":{"line":224,"column":54}},"111":{"start":{"line":254,"column":37},"end":{"line":254,"column":77}},"112":{"start":{"line":255,"column":37},"end":{"line":255,"column":62}},"113":{"start":{"line":256,"column":33},"end":{"line":256,"column":42}},"114":{"start":{"line":264,"column":18},"end":{"line":264,"column":53}}},"fnMap":{"0":{"name":"GraphVisualization","decl":{"start":{"line":5,"column":9},"end":{"line":5,"column":27}},"loc":{"start":{"line":5,"column":69},"end":{"line":273,"column":1}},"line":5},"1":{"name":"(anonymous_1)","decl":{"start":{"line":22,"column":23},"end":{"line":22,"column":24}},"loc":{"start":{"line":22,"column":39},"end":{"line":24,"column":3}},"line":22},"2":{"name":"(anonymous_2)","decl":{"start":{"line":23,"column":21},"end":{"line":23,"column":22}},"loc":{"start":{"line":23,"column":32},"end":{"line":23,"column":76}},"line":23},"3":{"name":"(anonymous_3)","decl":{"start":{"line":26,"column":23},"end":{"line":26,"column":24}},"loc":{"start":{"line":26,"column":30},"end":{"line":34,"column":3}},"line":26},"4":{"name":"(anonymous_4)","decl":{"start":{"line":36,"column":25},"end":{"line":36,"column":26}},"loc":{"start":{"line":36,"column":34},"end":{"line":114,"column":3}},"line":36},"5":{"name":"(anonymous_5)","decl":{"start":{"line":40,"column":31},"end":{"line":40,"column":32}},"loc":{"start":{"line":40,"column":38},"end":{"line":78,"column":5}},"line":40},"6":{"name":"(anonymous_6)","decl":{"start":{"line":80,"column":38},"end":{"line":80,"column":39}},"loc":{"start":{"line":80,"column":45},"end":{"line":80,"column":49}},"line":80},"7":{"name":"(anonymous_7)","decl":{"start":{"line":84,"column":11},"end":{"line":84,"column":12}},"loc":{"start":{"line":84,"column":18},"end":{"line":97,"column":7}},"line":84},"8":{"name":"(anonymous_8)","decl":{"start":{"line":98,"column":14},"end":{"line":98,"column":15}},"loc":{"start":{"line":98,"column":21},"end":{"line":107,"column":7}},"line":98},"9":{"name":"(anonymous_9)","decl":{"start":{"line":110,"column":60},"end":{"line":110,"column":61}},"loc":{"start":{"line":110,"column":65},"end":{"line":110,"column":72}},"line":110},"10":{"name":"(anonymous_10)","decl":{"start":{"line":116,"column":12},"end":{"line":116,"column":13}},"loc":{"start":{"line":116,"column":18},"end":{"line":136,"column":3}},"line":116},"11":{"name":"(anonymous_11)","decl":{"start":{"line":138,"column":27},"end":{"line":138,"column":28}},"loc":{"start":{"line":138,"column":33},"end":{"line":163,"column":3}},"line":138},"12":{"name":"(anonymous_12)","decl":{"start":{"line":142,"column":16},"end":{"line":142,"column":17}},"loc":{"start":{"line":142,"column":28},"end":{"line":142,"column":30}},"line":142},"13":{"name":"(anonymous_13)","decl":{"start":{"line":143,"column":13},"end":{"line":143,"column":14}},"loc":{"start":{"line":143,"column":22},"end":{"line":143,"column":23}},"line":143},"14":{"name":"(anonymous_14)","decl":{"start":{"line":148,"column":45},"end":{"line":148,"column":46}},"loc":{"start":{"line":148,"column":52},"end":{"line":151,"column":5}},"line":148},"15":{"name":"(anonymous_15)","decl":{"start":{"line":153,"column":35},"end":{"line":153,"column":36}},"loc":{"start":{"line":153,"column":42},"end":{"line":153,"column":46}},"line":153},"16":{"name":"(anonymous_16)","decl":{"start":{"line":154,"column":45},"end":{"line":154,"column":46}},"loc":{"start":{"line":154,"column":52},"end":{"line":158,"column":5}},"line":154},"17":{"name":"(anonymous_17)","decl":{"start":{"line":165,"column":27},"end":{"line":165,"column":28}},"loc":{"start":{"line":165,"column":55},"end":{"line":187,"column":3}},"line":165},"18":{"name":"(anonymous_18)","decl":{"start":{"line":196,"column":23},"end":{"line":196,"column":24}},"loc":{"start":{"line":197,"column":14},"end":{"line":207,"column":23}},"line":197},"19":{"name":"(anonymous_19)","decl":{"start":{"line":199,"column":25},"end":{"line":199,"column":26}},"loc":{"start":{"line":199,"column":31},"end":{"line":199,"column":50}},"line":199},"20":{"name":"(anonymous_20)","decl":{"start":{"line":216,"column":44},"end":{"line":216,"column":45}},"loc":{"start":{"line":217,"column":14},"end":{"line":228,"column":22}},"line":217},"21":{"name":"(anonymous_21)","decl":{"start":{"line":224,"column":28},"end":{"line":224,"column":29}},"loc":{"start":{"line":224,"column":34},"end":{"line":224,"column":54}},"line":224},"22":{"name":"(anonymous_22)","decl":{"start":{"line":254,"column":27},"end":{"line":254,"column":28}},"loc":{"start":{"line":254,"column":37},"end":{"line":254,"column":77}},"line":254},"23":{"name":"(anonymous_23)","decl":{"start":{"line":255,"column":27},"end":{"line":255,"column":28}},"loc":{"start":{"line":255,"column":37},"end":{"line":255,"column":62}},"line":255},"24":{"name":"(anonymous_24)","decl":{"start":{"line":256,"column":27},"end":{"line":256,"column":28}},"loc":{"start":{"line":256,"column":33},"end":{"line":256,"column":42}},"line":256},"25":{"name":"(anonymous_25)","decl":{"start":{"line":263,"column":29},"end":{"line":263,"column":30}},"loc":{"start":{"line":263,"column":39},"end":{"line":265,"column":17}},"line":263}},"branchMap":{"0":{"loc":{"start":{"line":27,"column":4},"end":{"line":27,"column":42}},"type":"if","locations":[{"start":{"line":27,"column":4},"end":{"line":27,"column":42}},{"start":{},"end":{}}],"line":27},"1":{"loc":{"start":{"line":28,"column":4},"end":{"line":28,"column":46}},"type":"if","locations":[{"start":{"line":28,"column":4},"end":{"line":28,"column":46}},{"start":{},"end":{}}],"line":28},"2":{"loc":{"start":{"line":29,"column":4},"end":{"line":29,"column":45}},"type":"if","locations":[{"start":{"line":29,"column":4},"end":{"line":29,"column":45}},{"start":{},"end":{}}],"line":29},"3":{"loc":{"start":{"line":30,"column":4},"end":{"line":30,"column":46}},"type":"if","locations":[{"start":{"line":30,"column":4},"end":{"line":30,"column":46}},{"start":{},"end":{}}],"line":30},"4":{"loc":{"start":{"line":31,"column":4},"end":{"line":31,"column":43}},"type":"if","locations":[{"start":{"line":31,"column":4},"end":{"line":31,"column":43}},{"start":{},"end":{}}],"line":31},"5":{"loc":{"start":{"line":32,"column":4},"end":{"line":32,"column":39}},"type":"if","locations":[{"start":{"line":32,"column":4},"end":{"line":32,"column":39}},{"start":{},"end":{}}],"line":32},"6":{"loc":{"start":{"line":37,"column":21},"end":{"line":37,"column":90}},"type":"cond-expr","locations":[{"start":{"line":37,"column":49},"end":{"line":37,"column":58}},{"start":{"line":37,"column":61},"end":{"line":37,"column":90}}],"line":37},"7":{"loc":{"start":{"line":37,"column":61},"end":{"line":37,"column":90}},"type":"cond-expr","locations":[{"start":{"line":37,"column":82},"end":{"line":37,"column":85}},{"start":{"line":37,"column":88},"end":{"line":37,"column":90}}],"line":37},"8":{"loc":{"start":{"line":38,"column":21},"end":{"line":38,"column":63}},"type":"cond-expr","locations":[{"start":{"line":38,"column":49},"end":{"line":38,"column":58}},{"start":{"line":38,"column":61},"end":{"line":38,"column":63}}],"line":38},"9":{"loc":{"start":{"line":42,"column":17},"end":{"line":42,"column":67}},"type":"binary-expr","locations":[{"start":{"line":42,"column":17},"end":{"line":42,"column":21}},{"start":{"line":42,"column":25},"end":{"line":42,"column":36}},{"start":{"line":42,"column":40},"end":{"line":42,"column":67}}],"line":42},"10":{"loc":{"start":{"line":42,"column":47},"end":{"line":42,"column":66}},"type":"binary-expr","locations":[{"start":{"line":42,"column":47},"end":{"line":42,"column":60}},{"start":{"line":42,"column":64},"end":{"line":42,"column":66}}],"line":42},"11":{"loc":{"start":{"line":45,"column":20},"end":{"line":45,"column":65}},"type":"binary-expr","locations":[{"start":{"line":45,"column":20},"end":{"line":45,"column":27}},{"start":{"line":45,"column":31},"end":{"line":45,"column":37}},{"start":{"line":45,"column":41},"end":{"line":45,"column":55}},{"start":{"line":45,"column":59},"end":{"line":45,"column":65}}],"line":45},"12":{"loc":{"start":{"line":49,"column":17},"end":{"line":49,"column":75}},"type":"binary-expr","locations":[{"start":{"line":49,"column":17},"end":{"line":49,"column":23}},{"start":{"line":49,"column":27},"end":{"line":49,"column":40}},{"start":{"line":49,"column":44},"end":{"line":49,"column":57}},{"start":{"line":49,"column":61},"end":{"line":49,"column":75}}],"line":49},"13":{"loc":{"start":{"line":52,"column":6},"end":{"line":62,"column":7}},"type":"if","locations":[{"start":{"line":52,"column":6},"end":{"line":62,"column":7}},{"start":{},"end":{}}],"line":52},"14":{"loc":{"start":{"line":52,"column":10},"end":{"line":52,"column":21}},"type":"binary-expr","locations":[{"start":{"line":52,"column":10},"end":{"line":52,"column":15}},{"start":{"line":52,"column":19},"end":{"line":52,"column":21}}],"line":52},"15":{"loc":{"start":{"line":57,"column":8},"end":{"line":61,"column":9}},"type":"if","locations":[{"start":{"line":57,"column":8},"end":{"line":61,"column":9}},{"start":{"line":59,"column":15},"end":{"line":61,"column":9}}],"line":57},"16":{"loc":{"start":{"line":65,"column":6},"end":{"line":67,"column":7}},"type":"if","locations":[{"start":{"line":65,"column":6},"end":{"line":67,"column":7}},{"start":{},"end":{}}],"line":65},"17":{"loc":{"start":{"line":86,"column":10},"end":{"line":88,"column":66}},"type":"cond-expr","locations":[{"start":{"line":87,"column":14},"end":{"line":87,"column":26}},{"start":{"line":88,"column":14},"end":{"line":88,"column":66}}],"line":86},"18":{"loc":{"start":{"line":88,"column":14},"end":{"line":88,"column":66}},"type":"binary-expr","locations":[{"start":{"line":88,"column":14},"end":{"line":88,"column":22}},{"start":{"line":88,"column":26},"end":{"line":88,"column":32}},{"start":{"line":88,"column":36},"end":{"line":88,"column":43}},{"start":{"line":88,"column":47},"end":{"line":88,"column":52}},{"start":{"line":88,"column":56},"end":{"line":88,"column":59}},{"start":{"line":88,"column":63},"end":{"line":88,"column":66}}],"line":88},"19":{"loc":{"start":{"line":90,"column":10},"end":{"line":92,"column":62}},"type":"cond-expr","locations":[{"start":{"line":91,"column":14},"end":{"line":91,"column":26}},{"start":{"line":92,"column":14},"end":{"line":92,"column":62}}],"line":90},"20":{"loc":{"start":{"line":92,"column":14},"end":{"line":92,"column":62}},"type":"binary-expr","locations":[{"start":{"line":92,"column":14},"end":{"line":92,"column":22}},{"start":{"line":92,"column":26},"end":{"line":92,"column":30}},{"start":{"line":92,"column":34},"end":{"line":92,"column":39}},{"start":{"line":92,"column":43},"end":{"line":92,"column":48}},{"start":{"line":92,"column":52},"end":{"line":92,"column":55}},{"start":{"line":92,"column":59},"end":{"line":92,"column":62}}],"line":92},"21":{"loc":{"start":{"line":94,"column":24},"end":{"line":94,"column":57}},"type":"binary-expr","locations":[{"start":{"line":94,"column":24},"end":{"line":94,"column":30}},{"start":{"line":94,"column":34},"end":{"line":94,"column":41}},{"start":{"line":94,"column":45},"end":{"line":94,"column":57}}],"line":94},"22":{"loc":{"start":{"line":102,"column":8},"end":{"line":104,"column":9}},"type":"if","locations":[{"start":{"line":102,"column":8},"end":{"line":104,"column":9}},{"start":{},"end":{}}],"line":102},"23":{"loc":{"start":{"line":102,"column":12},"end":{"line":102,"column":36}},"type":"binary-expr","locations":[{"start":{"line":102,"column":12},"end":{"line":102,"column":22}},{"start":{"line":102,"column":26},"end":{"line":102,"column":36}}],"line":102},"24":{"loc":{"start":{"line":106,"column":15},"end":{"line":106,"column":37}},"type":"binary-expr","locations":[{"start":{"line":106,"column":15},"end":{"line":106,"column":24}},{"start":{"line":106,"column":28},"end":{"line":106,"column":37}}],"line":106},"25":{"loc":{"start":{"line":122,"column":6},"end":{"line":130,"column":7}},"type":"if","locations":[{"start":{"line":122,"column":6},"end":{"line":130,"column":7}},{"start":{"line":127,"column":13},"end":{"line":130,"column":7}}],"line":122},"26":{"loc":{"start":{"line":122,"column":10},"end":{"line":122,"column":53}},"type":"binary-expr","locations":[{"start":{"line":122,"column":10},"end":{"line":122,"column":19}},{"start":{"line":122,"column":23},"end":{"line":122,"column":53}}],"line":122},"27":{"loc":{"start":{"line":133,"column":13},"end":{"line":133,"column":47}},"type":"binary-expr","locations":[{"start":{"line":133,"column":13},"end":{"line":133,"column":22}},{"start":{"line":133,"column":26},"end":{"line":133,"column":47}}],"line":133},"28":{"loc":{"start":{"line":148,"column":19},"end":{"line":148,"column":36}},"type":"binary-expr","locations":[{"start":{"line":148,"column":19},"end":{"line":148,"column":30}},{"start":{"line":148,"column":34},"end":{"line":148,"column":36}}],"line":148},"29":{"loc":{"start":{"line":149,"column":22},"end":{"line":149,"column":75}},"type":"binary-expr","locations":[{"start":{"line":149,"column":22},"end":{"line":149,"column":47}},{"start":{"line":149,"column":51},"end":{"line":149,"column":75}}],"line":149},"30":{"loc":{"start":{"line":154,"column":19},"end":{"line":154,"column":36}},"type":"binary-expr","locations":[{"start":{"line":154,"column":19},"end":{"line":154,"column":30}},{"start":{"line":154,"column":34},"end":{"line":154,"column":36}}],"line":154},"31":{"loc":{"start":{"line":155,"column":16},"end":{"line":155,"column":70}},"type":"cond-expr","locations":[{"start":{"line":155,"column":47},"end":{"line":155,"column":59}},{"start":{"line":155,"column":62},"end":{"line":155,"column":70}}],"line":155},"32":{"loc":{"start":{"line":156,"column":16},"end":{"line":156,"column":70}},"type":"cond-expr","locations":[{"start":{"line":156,"column":47},"end":{"line":156,"column":59}},{"start":{"line":156,"column":62},"end":{"line":156,"column":70}}],"line":156},"33":{"loc":{"start":{"line":157,"column":13},"end":{"line":157,"column":39}},"type":"binary-expr","locations":[{"start":{"line":157,"column":13},"end":{"line":157,"column":24}},{"start":{"line":157,"column":28},"end":{"line":157,"column":39}}],"line":157},"34":{"loc":{"start":{"line":166,"column":24},"end":{"line":166,"column":50}},"type":"binary-expr","locations":[{"start":{"line":166,"column":24},"end":{"line":166,"column":33}},{"start":{"line":166,"column":37},"end":{"line":166,"column":44}},{"start":{"line":166,"column":48},"end":{"line":166,"column":50}}],"line":166},"35":{"loc":{"start":{"line":167,"column":31},"end":{"line":167,"column":54}},"type":"binary-expr","locations":[{"start":{"line":167,"column":31},"end":{"line":167,"column":41}},{"start":{"line":167,"column":45},"end":{"line":167,"column":54}}],"line":167},"36":{"loc":{"start":{"line":179,"column":19},"end":{"line":179,"column":67}},"type":"binary-expr","locations":[{"start":{"line":179,"column":19},"end":{"line":179,"column":60}},{"start":{"line":179,"column":64},"end":{"line":179,"column":67}}],"line":179},"37":{"loc":{"start":{"line":179,"column":20},"end":{"line":179,"column":49}},"type":"binary-expr","locations":[{"start":{"line":179,"column":20},"end":{"line":179,"column":30}},{"start":{"line":179,"column":34},"end":{"line":179,"column":43}},{"start":{"line":179,"column":47},"end":{"line":179,"column":49}}],"line":179},"38":{"loc":{"start":{"line":182,"column":4},"end":{"line":186,"column":5}},"type":"if","locations":[{"start":{"line":182,"column":4},"end":{"line":186,"column":5}},{"start":{},"end":{}}],"line":182},"39":{"loc":{"start":{"line":201,"column":18},"end":{"line":203,"column":67}},"type":"cond-expr","locations":[{"start":{"line":202,"column":22},"end":{"line":202,"column":46}},{"start":{"line":203,"column":22},"end":{"line":203,"column":67}}],"line":201},"40":{"loc":{"start":{"line":236,"column":11},"end":{"line":268,"column":11}},"type":"cond-expr","locations":[{"start":{"line":237,"column":12},"end":{"line":245,"column":18}},{"start":{"line":247,"column":12},"end":{"line":267,"column":18}}],"line":236},"41":{"loc":{"start":{"line":239,"column":38},"end":{"line":239,"column":77}},"type":"binary-expr","locations":[{"start":{"line":239,"column":38},"end":{"line":239,"column":41}},{"start":{"line":239,"column":45},"end":{"line":239,"column":77}}],"line":239},"42":{"loc":{"start":{"line":240,"column":15},"end":{"line":244,"column":15}},"type":"binary-expr","locations":[{"start":{"line":240,"column":15},"end":{"line":240,"column":37}},{"start":{"line":241,"column":16},"end":{"line":243,"column":20}}],"line":240},"43":{"loc":{"start":{"line":254,"column":55},"end":{"line":254,"column":75}},"type":"binary-expr","locations":[{"start":{"line":254,"column":55},"end":{"line":254,"column":64}},{"start":{"line":254,"column":68},"end":{"line":254,"column":75}}],"line":254},"44":{"loc":{"start":{"line":255,"column":37},"end":{"line":255,"column":62}},"type":"binary-expr","locations":[{"start":{"line":255,"column":37},"end":{"line":255,"column":46}},{"start":{"line":255,"column":50},"end":{"line":255,"column":62}}],"line":255}},"s":{"0":18,"1":18,"2":18,"3":18,"4":18,"5":18,"6":18,"7":3,"8":3,"9":18,"10":0,"11":0,"12":0,"13":0,"14":0,"15":0,"16":0,"17":0,"18":0,"19":0,"20":0,"21":0,"22":0,"23":18,"24":6,"25":6,"26":6,"27":15,"28":15,"29":15,"30":15,"31":0,"32":0,"33":0,"34":0,"35":0,"36":15,"37":0,"38":15,"39":15,"40":6,"41":15,"42":6,"43":5,"44":5,"45":5,"46":5,"47":5,"48":5,"49":5,"50":0,"51":5,"52":6,"53":6,"54":15,"55":6,"56":6,"57":18,"58":7,"59":7,"60":7,"61":7,"62":7,"63":6,"64":6,"65":6,"66":6,"67":1,"68":1,"69":0,"70":0,"71":0,"72":18,"73":17,"74":119,"75":116,"76":17,"77":17,"78":24,"79":24,"80":17,"81":21,"82":17,"83":8,"84":8,"85":8,"86":17,"87":17,"88":18,"89":0,"90":0,"91":0,"92":0,"93":0,"94":0,"95":0,"96":0,"97":0,"98":0,"99":0,"100":0,"101":0,"102":0,"103":0,"104":0,"105":0,"106":18,"107":54,"108":1,"109":126,"110":3,"111":0,"112":0,"113":0,"114":0},"f":{"0":18,"1":3,"2":3,"3":0,"4":6,"5":15,"6":15,"7":5,"8":5,"9":15,"10":7,"11":17,"12":119,"13":116,"14":24,"15":21,"16":8,"17":0,"18":54,"19":1,"20":126,"21":3,"22":0,"23":0,"24":0,"25":0},"b":{"0":[0,0],"1":[0,0],"2":[0,0],"3":[0,0],"4":[0,0],"5":[0,0],"6":[6,0],"7":[0,0],"8":[6,0],"9":[15,0,0],"10":[0,0],"11":[15,0,0,0],"12":[15,0,0,0],"13":[0,15],"14":[15,0],"15":[0,0],"16":[0,15],"17":[0,5],"18":[5,0,0,0,0,0],"19":[0,5],"20":[5,0,0,0,0,0],"21":[5,0,0],"22":[0,5],"23":[5,5],"24":[5,5],"25":[6,1],"26":[7,6],"27":[0,0],"28":[17,0],"29":[24,3],"30":[17,0],"31":[0,8],"32":[0,8],"33":[8,5],"34":[0,0,0],"35":[0,0],"36":[0,0],"37":[0,0,0],"38":[0,0],"39":[18,36],"40":[9,9],"41":[9,9],"42":[9,0],"43":[0,0],"44":[0,0]},"_coverageSchema":"1a1c01bbd47fc00a2c39e90264f33305004495a9","hash":"819a05c3bb5ef475921576e40af2399635e28ec7"}
,"/Users/ruju4a/Documents/SE/Project /SE_Project_2/frontend/src/components/LoginButton.jsx": {"path":"/Users/ruju4a/Documents/SE/Project /SE_Project_2/frontend/src/components/LoginButton.jsx","statementMap":{"0":{"start":{"line":7,"column":20},"end":{"line":7,"column":43}},"1":{"start":{"line":8,"column":28},"end":{"line":8,"column":40}},"2":{"start":{"line":10,"column":22},"end":{"line":24,"column":4}},"3":{"start":{"line":12,"column":6},"end":{"line":21,"column":7}},"4":{"start":{"line":13,"column":20},"end":{"line":15,"column":10}},"5":{"start":{"line":16,"column":8},"end":{"line":16,"column":24}},"6":{"start":{"line":17,"column":8},"end":{"line":17,"column":21}},"7":{"start":{"line":19,"column":8},"end":{"line":19,"column":57}},"8":{"start":{"line":20,"column":8},"end":{"line":20,"column":33}},"9":{"start":{"line":23,"column":19},"end":{"line":23,"column":43}},"10":{"start":{"line":26,"column":2},"end":{"line":36,"column":4}},"11":{"start":{"line":29,"column":23},"end":{"line":29,"column":36}}},"fnMap":{"0":{"name":"LoginButton","decl":{"start":{"line":6,"column":24},"end":{"line":6,"column":35}},"loc":{"start":{"line":6,"column":38},"end":{"line":37,"column":1}},"line":6},"1":{"name":"(anonymous_1)","decl":{"start":{"line":11,"column":15},"end":{"line":11,"column":16}},"loc":{"start":{"line":11,"column":40},"end":{"line":22,"column":5}},"line":11},"2":{"name":"(anonymous_2)","decl":{"start":{"line":23,"column":13},"end":{"line":23,"column":14}},"loc":{"start":{"line":23,"column":19},"end":{"line":23,"column":43}},"line":23},"3":{"name":"(anonymous_3)","decl":{"start":{"line":29,"column":17},"end":{"line":29,"column":18}},"loc":{"start":{"line":29,"column":23},"end":{"line":29,"column":36}},"line":29}},"branchMap":{"0":{"loc":{"start":{"line":34,"column":7},"end":{"line":34,"column":30}},"type":"binary-expr","locations":[{"start":{"line":34,"column":7},"end":{"line":34,"column":12}},{"start":{"line":34,"column":16},"end":{"line":34,"column":30}}],"line":34}},"s":{"0":15,"1":15,"2":15,"3":2,"4":2,"5":2,"6":2,"7":0,"8":0,"9":1,"10":15,"11":4},"f":{"0":15,"1":2,"2":1,"3":4},"b":{"0":[15,1]},"_coverageSchema":"1a1c01bbd47fc00a2c39e90264f33305004495a9","hash":"3be444fcf592429ca60de45454d8f35ab41dca13"}
,"/Users/ruju4a/Documents/SE/Project /SE_Project_2/frontend/src/components/Sidebar.jsx": {"path":"/Users/ruju4a/Documents/SE/Project /SE_Project_2/frontend/src/components/Sidebar.jsx","statementMap":{"0":{"start":{"line":18,"column":27},"end":{"line":18,"column":36}},"1":{"start":{"line":19,"column":36},"end":{"line":19,"column":51}},"2":{"start":{"line":20,"column":46},"end":{"line":20,"column":58}},"3":{"start":{"line":21,"column":54},"end":{"line":21,"column":69}},"4":{"start":{"line":24,"column":28},"end":{"line":118,"column":3}},"5":{"start":{"line":25,"column":17},"end":{"line":25,"column":34}},"6":{"start":{"line":26,"column":4},"end":{"line":26,"column":22}},"7":{"start":{"line":26,"column":15},"end":{"line":26,"column":22}},"8":{"start":{"line":27,"column":4},"end":{"line":27,"column":27}},"9":{"start":{"line":28,"column":4},"end":{"line":31,"column":5}},"10":{"start":{"line":29,"column":6},"end":{"line":29,"column":45}},"11":{"start":{"line":30,"column":6},"end":{"line":30,"column":13}},"12":{"start":{"line":33,"column":4},"end":{"line":33,"column":23}},"13":{"start":{"line":34,"column":21},"end":{"line":34,"column":35}},"14":{"start":{"line":35,"column":4},"end":{"line":35,"column":34}},"15":{"start":{"line":37,"column":4},"end":{"line":117,"column":5}},"16":{"start":{"line":38,"column":18},"end":{"line":40,"column":8}},"17":{"start":{"line":42,"column":6},"end":{"line":42,"column":49}},"18":{"start":{"line":43,"column":6},"end":{"line":43,"column":81}},"19":{"start":{"line":46,"column":20},"end":{"line":46,"column":59}},"20":{"start":{"line":47,"column":29},"end":{"line":47,"column":97}},"21":{"start":{"line":48,"column":22},"end":{"line":48,"column":76}},"22":{"start":{"line":49,"column":22},"end":{"line":49,"column":70}},"23":{"start":{"line":52,"column":22},"end":{"line":52,"column":26}},"24":{"start":{"line":53,"column":6},"end":{"line":62,"column":7}},"25":{"start":{"line":54,"column":8},"end":{"line":54,"column":40}},"26":{"start":{"line":55,"column":13},"end":{"line":62,"column":7}},"27":{"start":{"line":56,"column":8},"end":{"line":56,"column":45}},"28":{"start":{"line":57,"column":13},"end":{"line":62,"column":7}},"29":{"start":{"line":59,"column":8},"end":{"line":59,"column":75}},"30":{"start":{"line":60,"column":13},"end":{"line":62,"column":7}},"31":{"start":{"line":61,"column":8},"end":{"line":61,"column":85}},"32":{"start":{"line":64,"column":6},"end":{"line":64,"column":53}},"33":{"start":{"line":65,"column":6},"end":{"line":65,"column":63}},"34":{"start":{"line":66,"column":6},"end":{"line":66,"column":49}},"35":{"start":{"line":68,"column":6},"end":{"line":73,"column":7}},"36":{"start":{"line":69,"column":8},"end":{"line":69,"column":54}},"37":{"start":{"line":69,"column":36},"end":{"line":69,"column":52}},"38":{"start":{"line":70,"column":8},"end":{"line":70,"column":45}},"39":{"start":{"line":71,"column":13},"end":{"line":73,"column":7}},"40":{"start":{"line":72,"column":8},"end":{"line":72,"column":39}},"41":{"start":{"line":76,"column":6},"end":{"line":79,"column":7}},"42":{"start":{"line":77,"column":8},"end":{"line":77,"column":81}},"43":{"start":{"line":78,"column":8},"end":{"line":78,"column":55}},"44":{"start":{"line":81,"column":6},"end":{"line":94,"column":7}},"45":{"start":{"line":82,"column":8},"end":{"line":87,"column":11}},"46":{"start":{"line":88,"column":8},"end":{"line":93,"column":11}},"47":{"start":{"line":96,"column":6},"end":{"line":99,"column":7}},"48":{"start":{"line":97,"column":8},"end":{"line":97,"column":63}},"49":{"start":{"line":98,"column":8},"end":{"line":98,"column":64}},"50":{"start":{"line":102,"column":6},"end":{"line":102,"column":67}},"51":{"start":{"line":104,"column":8},"end":{"line":104,"column":95}},"52":{"start":{"line":105,"column":6},"end":{"line":105,"column":63}},"53":{"start":{"line":106,"column":6},"end":{"line":113,"column":7}},"54":{"start":{"line":107,"column":8},"end":{"line":112,"column":11}},"55":{"start":{"line":115,"column":8},"end":{"line":115,"column":28}},"56":{"start":{"line":116,"column":8},"end":{"line":116,"column":43}},"57":{"start":{"line":116,"column":23},"end":{"line":116,"column":43}},"58":{"start":{"line":121,"column":25},"end":{"line":132,"column":8}},"59":{"start":{"line":134,"column":2},"end":{"line":143,"column":3}},"60":{"start":{"line":135,"column":4},"end":{"line":142,"column":6}},"61":{"start":{"line":145,"column":2},"end":{"line":285,"column":4}},"62":{"start":{"line":206,"column":25},"end":{"line":206,"column":67}},"63":{"start":{"line":228,"column":16},"end":{"line":234,"column":22}},"64":{"start":{"line":263,"column":14},"end":{"line":274,"column":23}}},"fnMap":{"0":{"name":"Sidebar","decl":{"start":{"line":17,"column":9},"end":{"line":17,"column":16}},"loc":{"start":{"line":17,"column":89},"end":{"line":286,"column":1}},"line":17},"1":{"name":"(anonymous_1)","decl":{"start":{"line":24,"column":28},"end":{"line":24,"column":29}},"loc":{"start":{"line":24,"column":41},"end":{"line":118,"column":3}},"line":24},"2":{"name":"(anonymous_2)","decl":{"start":{"line":69,"column":26},"end":{"line":69,"column":27}},"loc":{"start":{"line":69,"column":36},"end":{"line":69,"column":52}},"line":69},"3":{"name":"(anonymous_3)","decl":{"start":{"line":206,"column":19},"end":{"line":206,"column":20}},"loc":{"start":{"line":206,"column":25},"end":{"line":206,"column":67}},"line":206},"4":{"name":"(anonymous_4)","decl":{"start":{"line":227,"column":33},"end":{"line":227,"column":34}},"loc":{"start":{"line":228,"column":16},"end":{"line":234,"column":22}},"line":228},"5":{"name":"(anonymous_5)","decl":{"start":{"line":262,"column":31},"end":{"line":262,"column":32}},"loc":{"start":{"line":263,"column":14},"end":{"line":274,"column":23}},"line":263}},"branchMap":{"0":{"loc":{"start":{"line":26,"column":4},"end":{"line":26,"column":22}},"type":"if","locations":[{"start":{"line":26,"column":4},"end":{"line":26,"column":22}},{"start":{},"end":{}}],"line":26},"1":{"loc":{"start":{"line":28,"column":4},"end":{"line":31,"column":5}},"type":"if","locations":[{"start":{"line":28,"column":4},"end":{"line":31,"column":5}},{"start":{},"end":{}}],"line":28},"2":{"loc":{"start":{"line":46,"column":20},"end":{"line":46,"column":59}},"type":"binary-expr","locations":[{"start":{"line":46,"column":20},"end":{"line":46,"column":34}},{"start":{"line":46,"column":38},"end":{"line":46,"column":59}}],"line":46},"3":{"loc":{"start":{"line":47,"column":29},"end":{"line":47,"column":97}},"type":"binary-expr","locations":[{"start":{"line":47,"column":29},"end":{"line":47,"column":54}},{"start":{"line":47,"column":58},"end":{"line":47,"column":89}},{"start":{"line":47,"column":93},"end":{"line":47,"column":97}}],"line":47},"4":{"loc":{"start":{"line":48,"column":22},"end":{"line":48,"column":76}},"type":"binary-expr","locations":[{"start":{"line":48,"column":22},"end":{"line":48,"column":40}},{"start":{"line":48,"column":44},"end":{"line":48,"column":68}},{"start":{"line":48,"column":72},"end":{"line":48,"column":76}}],"line":48},"5":{"loc":{"start":{"line":49,"column":22},"end":{"line":49,"column":70}},"type":"binary-expr","locations":[{"start":{"line":49,"column":22},"end":{"line":49,"column":41}},{"start":{"line":49,"column":45},"end":{"line":49,"column":70}}],"line":49},"6":{"loc":{"start":{"line":53,"column":6},"end":{"line":62,"column":7}},"type":"if","locations":[{"start":{"line":53,"column":6},"end":{"line":62,"column":7}},{"start":{"line":55,"column":13},"end":{"line":62,"column":7}}],"line":53},"7":{"loc":{"start":{"line":55,"column":13},"end":{"line":62,"column":7}},"type":"if","locations":[{"start":{"line":55,"column":13},"end":{"line":62,"column":7}},{"start":{"line":57,"column":13},"end":{"line":62,"column":7}}],"line":55},"8":{"loc":{"start":{"line":57,"column":13},"end":{"line":62,"column":7}},"type":"if","locations":[{"start":{"line":57,"column":13},"end":{"line":62,"column":7}},{"start":{"line":60,"column":13},"end":{"line":62,"column":7}}],"line":57},"9":{"loc":{"start":{"line":59,"column":52},"end":{"line":59,"column":72}},"type":"binary-expr","locations":[{"start":{"line":59,"column":52},"end":{"line":59,"column":66}},{"start":{"line":59,"column":70},"end":{"line":59,"column":72}}],"line":59},"10":{"loc":{"start":{"line":60,"column":13},"end":{"line":62,"column":7}},"type":"if","locations":[{"start":{"line":60,"column":13},"end":{"line":62,"column":7}},{"start":{},"end":{}}],"line":60},"11":{"loc":{"start":{"line":61,"column":57},"end":{"line":61,"column":82}},"type":"binary-expr","locations":[{"start":{"line":61,"column":57},"end":{"line":61,"column":76}},{"start":{"line":61,"column":80},"end":{"line":61,"column":82}}],"line":61},"12":{"loc":{"start":{"line":68,"column":6},"end":{"line":73,"column":7}},"type":"if","locations":[{"start":{"line":68,"column":6},"end":{"line":73,"column":7}},{"start":{"line":71,"column":13},"end":{"line":73,"column":7}}],"line":68},"13":{"loc":{"start":{"line":71,"column":13},"end":{"line":73,"column":7}},"type":"if","locations":[{"start":{"line":71,"column":13},"end":{"line":73,"column":7}},{"start":{},"end":{}}],"line":71},"14":{"loc":{"start":{"line":76,"column":6},"end":{"line":79,"column":7}},"type":"if","locations":[{"start":{"line":76,"column":6},"end":{"line":79,"column":7}},{"start":{},"end":{}}],"line":76},"15":{"loc":{"start":{"line":76,"column":10},"end":{"line":76,"column":40}},"type":"binary-expr","locations":[{"start":{"line":76,"column":10},"end":{"line":76,"column":22}},{"start":{"line":76,"column":26},"end":{"line":76,"column":40}}],"line":76},"16":{"loc":{"start":{"line":81,"column":6},"end":{"line":94,"column":7}},"type":"if","locations":[{"start":{"line":81,"column":6},"end":{"line":94,"column":7}},{"start":{},"end":{}}],"line":81},"17":{"loc":{"start":{"line":96,"column":6},"end":{"line":99,"column":7}},"type":"if","locations":[{"start":{"line":96,"column":6},"end":{"line":99,"column":7}},{"start":{},"end":{}}],"line":96},"18":{"loc":{"start":{"line":96,"column":10},"end":{"line":96,"column":37}},"type":"binary-expr","locations":[{"start":{"line":96,"column":10},"end":{"line":96,"column":16}},{"start":{"line":96,"column":20},"end":{"line":96,"column":37}}],"line":96},"19":{"loc":{"start":{"line":102,"column":38},"end":{"line":102,"column":65}},"type":"binary-expr","locations":[{"start":{"line":102,"column":38},"end":{"line":102,"column":50}},{"start":{"line":102,"column":54},"end":{"line":102,"column":65}}],"line":102},"20":{"loc":{"start":{"line":104,"column":8},"end":{"line":104,"column":95}},"type":"binary-expr","locations":[{"start":{"line":104,"column":8},"end":{"line":104,"column":33}},{"start":{"line":104,"column":37},"end":{"line":104,"column":61}},{"start":{"line":104,"column":65},"end":{"line":104,"column":76}},{"start":{"line":104,"column":80},"end":{"line":104,"column":95}}],"line":104},"21":{"loc":{"start":{"line":106,"column":6},"end":{"line":113,"column":7}},"type":"if","locations":[{"start":{"line":106,"column":6},"end":{"line":113,"column":7}},{"start":{},"end":{}}],"line":106},"22":{"loc":{"start":{"line":116,"column":8},"end":{"line":116,"column":43}},"type":"if","locations":[{"start":{"line":116,"column":8},"end":{"line":116,"column":43}},{"start":{},"end":{}}],"line":116},"23":{"loc":{"start":{"line":121,"column":25},"end":{"line":132,"column":8}},"type":"cond-expr","locations":[{"start":{"line":122,"column":6},"end":{"line":131,"column":7}},{"start":{"line":132,"column":6},"end":{"line":132,"column":8}}],"line":121},"24":{"loc":{"start":{"line":134,"column":2},"end":{"line":143,"column":3}},"type":"if","locations":[{"start":{"line":134,"column":2},"end":{"line":143,"column":3}},{"start":{},"end":{}}],"line":134},"25":{"loc":{"start":{"line":158,"column":11},"end":{"line":164,"column":11}},"type":"cond-expr","locations":[{"start":{"line":159,"column":12},"end":{"line":159,"column":91}},{"start":{"line":161,"column":12},"end":{"line":163,"column":18}}],"line":158},"26":{"loc":{"start":{"line":166,"column":48},"end":{"line":166,"column":80}},"type":"cond-expr","locations":[{"start":{"line":166,"column":55},"end":{"line":166,"column":65}},{"start":{"line":166,"column":68},"end":{"line":166,"column":80}}],"line":166},"27":{"loc":{"start":{"line":167,"column":50},"end":{"line":167,"column":85}},"type":"cond-expr","locations":[{"start":{"line":167,"column":57},"end":{"line":167,"column":67}},{"start":{"line":167,"column":70},"end":{"line":167,"column":85}}],"line":167},"28":{"loc":{"start":{"line":170,"column":9},"end":{"line":170,"column":33}},"type":"binary-expr","locations":[{"start":{"line":170,"column":9},"end":{"line":170,"column":14}},{"start":{"line":170,"column":18},"end":{"line":170,"column":33}}],"line":170},"29":{"loc":{"start":{"line":171,"column":9},"end":{"line":178,"column":9}},"type":"binary-expr","locations":[{"start":{"line":171,"column":9},"end":{"line":171,"column":13}},{"start":{"line":172,"column":10},"end":{"line":177,"column":19}}],"line":171},"30":{"loc":{"start":{"line":187,"column":43},"end":{"line":187,"column":86}},"type":"cond-expr","locations":[{"start":{"line":187,"column":55},"end":{"line":187,"column":69}},{"start":{"line":187,"column":72},"end":{"line":187,"column":86}}],"line":187},"31":{"loc":{"start":{"line":213,"column":11},"end":{"line":217,"column":11}},"type":"cond-expr","locations":[{"start":{"line":214,"column":12},"end":{"line":214,"column":45}},{"start":{"line":216,"column":12},"end":{"line":216,"column":47}}],"line":213},"32":{"loc":{"start":{"line":221,"column":9},"end":{"line":240,"column":9}},"type":"binary-expr","locations":[{"start":{"line":221,"column":9},"end":{"line":221,"column":27}},{"start":{"line":222,"column":10},"end":{"line":239,"column":16}}],"line":221},"33":{"loc":{"start":{"line":226,"column":13},"end":{"line":238,"column":13}},"type":"cond-expr","locations":[{"start":{"line":227,"column":14},"end":{"line":235,"column":16}},{"start":{"line":237,"column":14},"end":{"line":237,"column":94}}],"line":226},"34":{"loc":{"start":{"line":259,"column":11},"end":{"line":276,"column":11}},"type":"cond-expr","locations":[{"start":{"line":260,"column":12},"end":{"line":260,"column":90}},{"start":{"line":262,"column":12},"end":{"line":275,"column":14}}],"line":259}},"s":{"0":13,"1":13,"2":13,"3":13,"4":13,"5":2,"6":2,"7":0,"8":2,"9":2,"10":1,"11":1,"12":1,"13":1,"14":1,"15":1,"16":1,"17":1,"18":1,"19":1,"20":1,"21":1,"22":1,"23":1,"24":1,"25":1,"26":0,"27":0,"28":0,"29":0,"30":0,"31":0,"32":1,"33":1,"34":1,"35":1,"36":1,"37":1,"38":1,"39":0,"40":0,"41":1,"42":1,"43":1,"44":1,"45":1,"46":1,"47":1,"48":0,"49":0,"50":0,"51":0,"52":0,"53":0,"54":0,"55":1,"56":1,"57":1,"58":13,"59":13,"60":1,"61":12,"62":2,"63":0,"64":6},"f":{"0":13,"1":2,"2":1,"3":2,"4":0,"5":6},"b":{"0":[0,2],"1":[1,1],"2":[1,0],"3":[1,0,0],"4":[1,0,0],"5":[1,1],"6":[1,0],"7":[0,0],"8":[0,0],"9":[0,0],"10":[0,0],"11":[0,0],"12":[1,0],"13":[0,0],"14":[1,0],"15":[1,1],"16":[1,0],"17":[0,1],"18":[1,0],"19":[0,0],"20":[0,0,0,0],"21":[0,0],"22":[1,0],"23":[2,11],"24":[1,12],"25":[1,11],"26":[2,10],"27":[2,10],"28":[12,10],"29":[12,2],"30":[1,11],"31":[1,11],"32":[12,1],"33":[0,1],"34":[10,2]},"_coverageSchema":"1a1c01bbd47fc00a2c39e90264f33305004495a9","hash":"fc12be5d9b8bb595505c5be85b679f9b49faa3c2"}
,"/Users/ruju4a/Documents/SE/Project /SE_Project_2/frontend/src/components/TopNav.jsx": {"path":"/Users/ruju4a/Documents/SE/Project /SE_Project_2/frontend/src/components/TopNav.jsx","statementMap":{"0":{"start":{"line":5,"column":19},"end":{"line":10,"column":3}},"1":{"start":{"line":12,"column":2},"end":{"line":33,"column":4}},"2":{"start":{"line":17,"column":12},"end":{"line":28,"column":21}},"3":{"start":{"line":19,"column":29},"end":{"line":19,"column":51}}},"fnMap":{"0":{"name":"TopNav","decl":{"start":{"line":4,"column":9},"end":{"line":4,"column":15}},"loc":{"start":{"line":4,"column":47},"end":{"line":34,"column":1}},"line":4},"1":{"name":"(anonymous_1)","decl":{"start":{"line":16,"column":24},"end":{"line":16,"column":25}},"loc":{"start":{"line":17,"column":12},"end":{"line":28,"column":21}},"line":17},"2":{"name":"(anonymous_2)","decl":{"start":{"line":19,"column":23},"end":{"line":19,"column":24}},"loc":{"start":{"line":19,"column":29},"end":{"line":19,"column":51}},"line":19}},"branchMap":{"0":{"loc":{"start":{"line":21,"column":16},"end":{"line":23,"column":70}},"type":"cond-expr","locations":[{"start":{"line":22,"column":20},"end":{"line":22,"column":44}},{"start":{"line":23,"column":20},"end":{"line":23,"column":70}}],"line":21}},"s":{"0":2,"1":2,"2":8,"3":1},"f":{"0":2,"1":8,"2":1},"b":{"0":[2,6]},"_coverageSchema":"1a1c01bbd47fc00a2c39e90264f33305004495a9","hash":"d19df84d5a75cd4f05a8926c2a0719dd18d102a6"}
,"/Users/ruju4a/Documents/SE/Project /SE_Project_2/frontend/src/context/AuthContext.jsx": {"path":"/Users/ruju4a/Documents/SE/Project /SE_Project_2/frontend/src/context/AuthContext.jsx","statementMap":{"0":{"start":{"line":3,"column":27},"end":{"line":3,"column":42}},"1":{"start":{"line":5,"column":23},"end":{"line":12,"column":1}},"2":{"start":{"line":6,"column":18},"end":{"line":6,"column":41}},"3":{"start":{"line":7,"column":2},"end":{"line":9,"column":3}},"4":{"start":{"line":8,"column":4},"end":{"line":8,"column":67}},"5":{"start":{"line":11,"column":2},"end":{"line":11,"column":17}}},"fnMap":{"0":{"name":"(anonymous_0)","decl":{"start":{"line":5,"column":23},"end":{"line":5,"column":24}},"loc":{"start":{"line":5,"column":29},"end":{"line":12,"column":1}},"line":5}},"branchMap":{"0":{"loc":{"start":{"line":7,"column":2},"end":{"line":9,"column":3}},"type":"if","locations":[{"start":{"line":7,"column":2},"end":{"line":9,"column":3}},{"start":{},"end":{}}],"line":7}},"s":{"0":2,"1":2,"2":13,"3":13,"4":0,"5":13},"f":{"0":13},"b":{"0":[0,13]},"_coverageSchema":"1a1c01bbd47fc00a2c39e90264f33305004495a9","hash":"a3c05b57078b68badeff42009761735ed69296e2"}
}
