TN:
SF:src/components/ChatInterface.jsx
FN:5,ChatInterface
FN:11,(anonymous_1)
FN:15,(anonymous_2)
FN:34,(anonymous_3)
FN:37,(anonymous_4)
FN:63,(anonymous_5)
FN:98,(anonymous_6)
FN:99,(anonymous_7)
FNF:8
FNH:8
FNDA:48,ChatInterface
FNDA:8,(anonymous_1)
FNDA:7,(anonymous_2)
FNDA:5,(anonymous_3)
FNDA:1,(anonymous_4)
FNDA:25,(anonymous_5)
FNDA:25,(anonymous_6)
FNDA:19,(anonymous_7)
DA:6,48
DA:7,48
DA:8,48
DA:11,48
DA:12,8
DA:13,7
DA:15,7
DA:16,7
DA:17,7
DA:19,7
DA:20,7
DA:26,5
DA:28,5
DA:34,5
DA:36,1
DA:37,1
DA:46,6
DA:50,48
DA:64,25
DA:98,25
DA:99,19
LF:21
LH:21
BRDA:12,0,0,1
BRDA:12,0,1,7
BRDA:26,1,0,5
BRDA:26,1,1,0
BRDA:26,1,2,0
BRDA:54,2,0,34
BRDA:54,2,1,14
BRDA:66,3,0,16
BRDA:66,3,1,9
BRDA:70,4,0,16
BRDA:70,4,1,9
BRDA:80,5,0,48
BRDA:80,5,1,7
BRDA:99,6,0,19
BRDA:99,6,1,1
BRDA:108,7,0,7
BRDA:108,7,1,41
BRF:17
BRH:15
end_of_record
TN:
SF:src/components/GraphVisualization.jsx
FN:5,GraphVisualization
FN:22,(anonymous_1)
FN:23,(anonymous_2)
FN:26,(anonymous_3)
FN:36,(anonymous_4)
FN:40,(anonymous_5)
FN:80,(anonymous_6)
FN:84,(anonymous_7)
FN:98,(anonymous_8)
FN:110,(anonymous_9)
FN:116,(anonymous_10)
FN:138,(anonymous_11)
FN:142,(anonymous_12)
FN:143,(anonymous_13)
FN:148,(anonymous_14)
FN:153,(anonymous_15)
FN:154,(anonymous_16)
FN:165,(anonymous_17)
FN:196,(anonymous_18)
FN:199,(anonymous_19)
FN:216,(anonymous_20)
FN:224,(anonymous_21)
FN:254,(anonymous_22)
FN:255,(anonymous_23)
FN:256,(anonymous_24)
FN:263,(anonymous_25)
FNF:26
FNH:20
FNDA:18,GraphVisualization
FNDA:3,(anonymous_1)
FNDA:3,(anonymous_2)
FNDA:0,(anonymous_3)
FNDA:6,(anonymous_4)
FNDA:15,(anonymous_5)
FNDA:15,(anonymous_6)
FNDA:5,(anonymous_7)
FNDA:5,(anonymous_8)
FNDA:15,(anonymous_9)
FNDA:7,(anonymous_10)
FNDA:17,(anonymous_11)
FNDA:119,(anonymous_12)
FNDA:116,(anonymous_13)
FNDA:24,(anonymous_14)
FNDA:21,(anonymous_15)
FNDA:8,(anonymous_16)
FNDA:0,(anonymous_17)
FNDA:54,(anonymous_18)
FNDA:1,(anonymous_19)
FNDA:126,(anonymous_20)
FNDA:3,(anonymous_21)
FNDA:0,(anonymous_22)
FNDA:0,(anonymous_23)
FNDA:0,(anonymous_24)
FNDA:0,(anonymous_25)
DA:6,18
DA:15,18
DA:16,18
DA:17,18
DA:18,18
DA:20,18
DA:22,18
DA:23,3
DA:26,18
DA:27,0
DA:28,0
DA:29,0
DA:30,0
DA:31,0
DA:32,0
DA:33,0
DA:36,18
DA:37,6
DA:38,6
DA:40,6
DA:42,15
DA:45,15
DA:49,15
DA:52,15
DA:54,0
DA:56,0
DA:57,0
DA:58,0
DA:60,0
DA:65,15
DA:66,0
DA:69,15
DA:71,15
DA:80,15
DA:83,6
DA:86,5
DA:90,5
DA:94,5
DA:96,5
DA:99,5
DA:100,5
DA:102,5
DA:103,0
DA:106,5
DA:109,6
DA:110,15
DA:111,6
DA:113,6
DA:116,18
DA:117,7
DA:118,7
DA:119,7
DA:121,7
DA:122,7
DA:123,6
DA:124,6
DA:125,6
DA:126,6
DA:128,1
DA:129,1
DA:132,0
DA:133,0
DA:134,0
DA:138,18
DA:140,17
DA:142,119
DA:143,116
DA:146,17
DA:148,17
DA:149,24
DA:150,24
DA:153,21
DA:154,17
DA:155,8
DA:156,8
DA:157,8
DA:160,17
DA:162,17
DA:165,18
DA:166,0
DA:167,0
DA:168,0
DA:170,0
DA:171,0
DA:172,0
DA:173,0
DA:175,0
DA:176,0
DA:177,0
DA:178,0
DA:179,0
DA:180,0
DA:182,0
DA:183,0
DA:184,0
DA:185,0
DA:189,18
DA:197,54
DA:199,1
DA:217,126
DA:224,3
DA:254,0
DA:255,0
DA:256,0
DA:264,0
LF:105
LH:67
BRDA:27,0,0,0
BRDA:27,0,1,0
BRDA:28,1,0,0
BRDA:28,1,1,0
BRDA:29,2,0,0
BRDA:29,2,1,0
BRDA:30,3,0,0
BRDA:30,3,1,0
BRDA:31,4,0,0
BRDA:31,4,1,0
BRDA:32,5,0,0
BRDA:32,5,1,0
BRDA:37,6,0,6
BRDA:37,6,1,0
BRDA:37,7,0,0
BRDA:37,7,1,0
BRDA:38,8,0,6
BRDA:38,8,1,0
BRDA:42,9,0,15
BRDA:42,9,1,0
BRDA:42,9,2,0
BRDA:42,10,0,0
BRDA:42,10,1,0
BRDA:45,11,0,15
BRDA:45,11,1,0
BRDA:45,11,2,0
BRDA:45,11,3,0
BRDA:49,12,0,15
BRDA:49,12,1,0
BRDA:49,12,2,0
BRDA:49,12,3,0
BRDA:52,13,0,0
BRDA:52,13,1,15
BRDA:52,14,0,15
BRDA:52,14,1,0
BRDA:57,15,0,0
BRDA:57,15,1,0
BRDA:65,16,0,0
BRDA:65,16,1,15
BRDA:86,17,0,0
BRDA:86,17,1,5
BRDA:88,18,0,5
BRDA:88,18,1,0
BRDA:88,18,2,0
BRDA:88,18,3,0
BRDA:88,18,4,0
BRDA:88,18,5,0
BRDA:90,19,0,0
BRDA:90,19,1,5
BRDA:92,20,0,5
BRDA:92,20,1,0
BRDA:92,20,2,0
BRDA:92,20,3,0
BRDA:92,20,4,0
BRDA:92,20,5,0
BRDA:94,21,0,5
BRDA:94,21,1,0
BRDA:94,21,2,0
BRDA:102,22,0,0
BRDA:102,22,1,5
BRDA:102,23,0,5
BRDA:102,23,1,5
BRDA:106,24,0,5
BRDA:106,24,1,5
BRDA:122,25,0,6
BRDA:122,25,1,1
BRDA:122,26,0,7
BRDA:122,26,1,6
BRDA:133,27,0,0
BRDA:133,27,1,0
BRDA:148,28,0,17
BRDA:148,28,1,0
BRDA:149,29,0,24
BRDA:149,29,1,3
BRDA:154,30,0,17
BRDA:154,30,1,0
BRDA:155,31,0,0
BRDA:155,31,1,8
BRDA:156,32,0,0
BRDA:156,32,1,8
BRDA:157,33,0,8
BRDA:157,33,1,5
BRDA:166,34,0,0
BRDA:166,34,1,0
BRDA:166,34,2,0
BRDA:167,35,0,0
BRDA:167,35,1,0
BRDA:179,36,0,0
BRDA:179,36,1,0
BRDA:179,37,0,0
BRDA:179,37,1,0
BRDA:179,37,2,0
BRDA:182,38,0,0
BRDA:182,38,1,0
BRDA:201,39,0,18
BRDA:201,39,1,36
BRDA:236,40,0,9
BRDA:236,40,1,9
BRDA:239,41,0,9
BRDA:239,41,1,9
BRDA:240,42,0,9
BRDA:240,42,1,0
BRDA:254,43,0,0
BRDA:254,43,1,0
BRDA:255,44,0,0
BRDA:255,44,1,0
BRF:106
BRH:37
end_of_record
TN:
SF:src/components/LoginButton.jsx
FN:6,LoginButton
FN:11,(anonymous_1)
FN:23,(anonymous_2)
FN:29,(anonymous_3)
FNF:4
FNH:4
FNDA:15,LoginButton
FNDA:2,(anonymous_1)
FNDA:1,(anonymous_2)
FNDA:4,(anonymous_3)
DA:7,15
DA:8,15
DA:10,15
DA:12,2
DA:13,2
DA:16,2
DA:17,2
DA:19,0
DA:20,0
DA:23,1
DA:26,15
DA:29,4
LF:12
LH:10
BRDA:34,0,0,15
BRDA:34,0,1,1
BRF:2
BRH:2
end_of_record
TN:
SF:src/components/Sidebar.jsx
FN:17,Sidebar
FN:24,(anonymous_1)
FN:69,(anonymous_2)
FN:206,(anonymous_3)
FN:227,(anonymous_4)
FN:262,(anonymous_5)
FNF:6
FNH:5
FNDA:13,Sidebar
FNDA:2,(anonymous_1)
FNDA:1,(anonymous_2)
FNDA:2,(anonymous_3)
FNDA:0,(anonymous_4)
FNDA:6,(anonymous_5)
DA:18,13
DA:19,13
DA:20,13
DA:21,13
DA:24,13
DA:25,2
DA:26,2
DA:27,2
DA:28,2
DA:29,1
DA:30,1
DA:33,1
DA:34,1
DA:35,1
DA:37,1
DA:38,1
DA:42,1
DA:43,1
DA:46,1
DA:47,1
DA:48,1
DA:49,1
DA:52,1
DA:53,1
DA:54,1
DA:55,0
DA:56,0
DA:57,0
DA:59,0
DA:60,0
DA:61,0
DA:64,1
DA:65,1
DA:66,1
DA:68,1
DA:69,1
DA:70,1
DA:71,0
DA:72,0
DA:76,1
DA:77,1
DA:78,1
DA:81,1
DA:82,1
DA:88,1
DA:96,1
DA:97,0
DA:98,0
DA:102,0
DA:104,0
DA:105,0
DA:106,0
DA:107,0
DA:115,1
DA:116,1
DA:121,13
DA:134,13
DA:135,1
DA:145,12
DA:206,2
DA:228,0
DA:263,6
LF:62
LH:46
BRDA:26,0,0,0
BRDA:26,0,1,2
BRDA:28,1,0,1
BRDA:28,1,1,1
BRDA:46,2,0,1
BRDA:46,2,1,0
BRDA:47,3,0,1
BRDA:47,3,1,0
BRDA:47,3,2,0
BRDA:48,4,0,1
BRDA:48,4,1,0
BRDA:48,4,2,0
BRDA:49,5,0,1
BRDA:49,5,1,1
BRDA:53,6,0,1
BRDA:53,6,1,0
BRDA:55,7,0,0
BRDA:55,7,1,0
BRDA:57,8,0,0
BRDA:57,8,1,0
BRDA:59,9,0,0
BRDA:59,9,1,0
BRDA:60,10,0,0
BRDA:60,10,1,0
BRDA:61,11,0,0
BRDA:61,11,1,0
BRDA:68,12,0,1
BRDA:68,12,1,0
BRDA:71,13,0,0
BRDA:71,13,1,0
BRDA:76,14,0,1
BRDA:76,14,1,0
BRDA:76,15,0,1
BRDA:76,15,1,1
BRDA:81,16,0,1
BRDA:81,16,1,0
BRDA:96,17,0,0
BRDA:96,17,1,1
BRDA:96,18,0,1
BRDA:96,18,1,0
BRDA:102,19,0,0
BRDA:102,19,1,0
BRDA:104,20,0,0
BRDA:104,20,1,0
BRDA:104,20,2,0
BRDA:104,20,3,0
BRDA:106,21,0,0
BRDA:106,21,1,0
BRDA:116,22,0,1
BRDA:116,22,1,0
BRDA:121,23,0,2
BRDA:121,23,1,11
BRDA:134,24,0,1
BRDA:134,24,1,12
BRDA:158,25,0,1
BRDA:158,25,1,11
BRDA:166,26,0,2
BRDA:166,26,1,10
BRDA:167,27,0,2
BRDA:167,27,1,10
BRDA:170,28,0,12
BRDA:170,28,1,10
BRDA:171,29,0,12
BRDA:171,29,1,2
BRDA:187,30,0,1
BRDA:187,30,1,11
BRDA:213,31,0,1
BRDA:213,31,1,11
BRDA:221,32,0,12
BRDA:221,32,1,1
BRDA:226,33,0,0
BRDA:226,33,1,1
BRDA:259,34,0,10
BRDA:259,34,1,2
BRF:74
BRH:40
end_of_record
TN:
SF:src/components/TopNav.jsx
FN:4,TopNav
FN:16,(anonymous_1)
FN:19,(anonymous_2)
FNF:3
FNH:3
FNDA:2,TopNav
FNDA:8,(anonymous_1)
FNDA:1,(anonymous_2)
DA:5,2
DA:12,2
DA:17,8
DA:19,1
LF:4
LH:4
BRDA:21,0,0,2
BRDA:21,0,1,6
BRF:2
BRH:2
end_of_record
TN:
SF:src/context/AuthContext.jsx
FN:5,(anonymous_0)
FNF:1
FNH:1
FNDA:13,(anonymous_0)
DA:3,2
DA:5,2
DA:6,13
DA:7,13
DA:8,0
DA:11,13
LF:6
LH:5
BRDA:7,0,0,0
BRDA:7,0,1,13
BRF:2
BRH:1
end_of_record
